This is pdfTeX, Version 3.14159265-2.6-1.40.20 (TeX Live 2019/W32TeX) (preloaded format=pdflatex 2020.3.21)  27 MAY 2020 20:05
entering extended mode
 \write18 enabled.
 file:line:error style messages enabled.
 %&-line parsing enabled.
**"e:/Downloads/서울대학교 싸강/시스템프로그래밍/실습/kernellab/report/2019-13674.tex"
(e:/Downloads/서울대학교 싸강/시스템프로그래밍/실습/kernellab/report/2019-13674.tex
LaTeX2e <2020-02-02> patch level 5
L3 programming layer <2020-02-25> (e:/Program Files/texlive/2019/texmf-dist/tex/latex/base/report.cls
Document Class: report 2019/12/20 v1.4l Standard LaTeX document class
(e:/Program Files/texlive/2019/texmf-dist/tex/latex/base/size10.clo
File: size10.clo 2019/12/20 v1.4l Standard LaTeX file (size option)
)
\c@part=\count167
\c@chapter=\count168
\c@section=\count169
\c@subsection=\count170
\c@subsubsection=\count171
\c@paragraph=\count172
\c@subparagraph=\count173
\c@figure=\count174
\c@table=\count175
\abovecaptionskip=\skip47
\belowcaptionskip=\skip48
\bibindent=\dimen134
) (e:/Program Files/texlive/2019/texmf-dist/tex/latex/graphics/graphicx.sty
Package: graphicx 2019/11/30 v1.2a Enhanced LaTeX Graphics (DPC,SPQR)
 (e:/Program Files/texlive/2019/texmf-dist/tex/latex/graphics/keyval.sty
Package: keyval 2014/10/28 v1.15 key=value parser (DPC)
\KV@toks@=\toks15
) (e:/Program Files/texlive/2019/texmf-dist/tex/latex/graphics/graphics.sty
Package: graphics 2019/11/30 v1.4a Standard LaTeX Graphics (DPC,SPQR)
 (e:/Program Files/texlive/2019/texmf-dist/tex/latex/graphics/trig.sty
Package: trig 2016/01/03 v1.10 sin cos tan (DPC)
) (e:/Program Files/texlive/2019/texmf-dist/tex/latex/graphics-cfg/graphics.cfg
File: graphics.cfg 2016/06/04 v1.11 sample graphics configuration
)
Package graphics Info: Driver file: pdftex.def on input line 105.
 (e:/Program Files/texlive/2019/texmf-dist/tex/latex/graphics-def/pdftex.def
File: pdftex.def 2018/01/08 v1.0l Graphics/color driver for pdftex
))
\Gin@req@height=\dimen135
\Gin@req@width=\dimen136
) (e:/Program Files/texlive/2019/texmf-dist/tex/latex/cjk-ko/kotex.sty
Package: kotex 2015/04/19 v1.6 Korean TeX (ko.TeX)
 (e:/Program Files/texlive/2019/texmf-dist/tex/latex/kotex-utf/kotex.cfg) (e:/Program Files/texlive/2019/texmf-dist/tex/latex/kotex-utf/kotexutf.sty
Package: kotexutf 2015/07/18 v2.1.1 typesetting UTF-8 Korean documents
 (e:/Program Files/texlive/2019/texmf-dist/tex/latex/base/inputenc.sty
Package: inputenc 2018/08/11 v1.3c Input encoding file
\inpenc@prehook=\toks16
\inpenc@posthook=\toks17
) (e:/Program Files/texlive/2019/texmf-dist/tex/plain/kotex-plain/kotexutf-core.tex
\unih@ngulpoint=\count176
\dhucs@emph@raise=\dimen137
)
Now handling font encoding LUC ...
... processing UTF-8 mapping file for font encoding LUC
 (e:/Program Files/texlive/2019/texmf-dist/tex/latex/kotex-utf/lucenc.dfu
File: lucenc.dfu 2007/09/05 UTF-8 support for dhucs
   defining Unicode char U+00B7 (decimal 183)
   defining Unicode char U+2018 (decimal 8216)
   defining Unicode char U+2019 (decimal 8217)
   defining Unicode char U+201C (decimal 8220)
   defining Unicode char U+201D (decimal 8221)
   defining Unicode char U+3001 (decimal 12289)
   defining Unicode char U+3002 (decimal 12290)
   defining Unicode char U+3008 (decimal 12296)
   defining Unicode char U+3009 (decimal 12297)
   defining Unicode char U+300A (decimal 12298)
   defining Unicode char U+300B (decimal 12299)
   defining Unicode char U+300C (decimal 12300)
   defining Unicode char U+300D (decimal 12301)
   defining Unicode char U+300E (decimal 12302)
   defining Unicode char U+300F (decimal 12303)
   defining Unicode char U+3010 (decimal 12304)
   defining Unicode char U+3011 (decimal 12305)
   defining Unicode char U+3014 (decimal 12308)
   defining Unicode char U+3015 (decimal 12309)
   defining Unicode char U+3016 (decimal 12310)
   defining Unicode char U+3017 (decimal 12311)
   defining Unicode char U+3018 (decimal 12312)
   defining Unicode char U+3019 (decimal 12313)
   defining Unicode char U+301A (decimal 12314)
   defining Unicode char U+301B (decimal 12315)
   defining Unicode char U+FF01 (decimal 65281)
   defining Unicode char U+FF08 (decimal 65288)
   defining Unicode char U+FF09 (decimal 65289)
   defining Unicode char U+FF0C (decimal 65292)
   defining Unicode char U+FF0E (decimal 65294)
   defining Unicode char U+FF1A (decimal 65306)
   defining Unicode char U+FF1B (decimal 65307)
   defining Unicode char U+FF1C (decimal 65308)
   defining Unicode char U+FF1D (decimal 65309)
   defining Unicode char U+FF1E (decimal 65310)
   defining Unicode char U+FF1F (decimal 65311)
   defining Unicode char U+FF3B (decimal 65339)
   defining Unicode char U+FF3D (decimal 65341)
   defining Unicode char U+FF5B (decimal 65371)
   defining Unicode char U+FF5D (decimal 65373)
   defining Unicode char U+FF61 (decimal 65377)
   defining Unicode char U+FF62 (decimal 65378)
   defining Unicode char U+FF63 (decimal 65379)
   defining Unicode char U+FF64 (decimal 65380)
   defining Unicode char U+FF65 (decimal 65381)
)
\@josa=\count177
\josatoks=\toks18
 (e:/Program Files/texlive/2019/texmf-dist/tex/latex/cjk-ko/kolabels-utf.sty
Package: kolabels-utf 2015/03/20 v1.5 UTF-8 Hangul item labels
))) (e:/Program Files/texlive/2019/texmf-dist/tex/latex/lipsum/lipsum.sty (e:/Program Files/texlive/2019/texmf-dist/tex/latex/l3kernel/expl3.sty
Package: expl3 2020-02-25 L3 programming layer (loader) 
 (e:/Program Files/texlive/2019/texmf-dist/tex/latex/l3backend/l3backend-pdfmode.def
File: l3backend-pdfmode.def 2020-02-23 L3 backend support: PDF mode
\l__kernel_color_stack_int=\count178
\l__pdf_internal_box=\box45
)) (e:/Program Files/texlive/2019/texmf-dist/tex/latex/l3packages/xparse/xparse.sty
Package: xparse 2020-02-25 L3 Experimental document command parser
\l__xparse_current_arg_int=\count179
\g__xparse_grabber_int=\count180
\l__xparse_m_args_int=\count181
\l__xparse_v_nesting_int=\count182
)
Package: lipsum 2019/01/02 v2.2 150 paragraphs of Lorem Ipsum dummy text
 (e:/Program Files/texlive/2019/texmf-dist/tex/latex/lipsum/lipsum.ltd.tex
File: lipsum.ltd.tex 2019/01/02 v2.2 The Lorem ipsum dummy text
)) (e:/Program Files/texlive/2019/texmf-dist/tex/latex/listings/listings.sty
\lst@mode=\count183
\lst@gtempboxa=\box46
\lst@token=\toks19
\lst@length=\count184
\lst@currlwidth=\dimen138
\lst@column=\count185
\lst@pos=\count186
\lst@lostspace=\dimen139
\lst@width=\dimen140
\lst@newlines=\count187
\lst@lineno=\count188
\lst@maxwidth=\dimen141
 (e:/Program Files/texlive/2019/texmf-dist/tex/latex/listings/lstmisc.sty
File: lstmisc.sty 2019/09/10 1.8c (Carsten Heinz)
\c@lstnumber=\count189
\lst@skipnumbers=\count190
\lst@framebox=\box47
) (e:/Program Files/texlive/2019/texmf-dist/tex/latex/listings/listings.cfg
File: listings.cfg 2019/09/10 1.8c listings configuration
))
Package: listings 2019/09/10 1.8c (Carsten Heinz)
 (e:/Program Files/texlive/2019/texmf-dist/tex/latex/geometry/geometry.sty
Package: geometry 2020/01/02 v5.9 Page Geometry
 (e:/Program Files/texlive/2019/texmf-dist/tex/generic/iftex/ifvtex.sty
Package: ifvtex 2019/10/25 v1.7 ifvtex legacy package. Use iftex instead.
 (e:/Program Files/texlive/2019/texmf-dist/tex/generic/iftex/iftex.sty
Package: iftex 2019/11/07 v1.0c TeX engine tests
))
\Gm@cnth=\count191
\Gm@cntv=\count192
\c@Gm@tempcnt=\count193
\Gm@bindingoffset=\dimen142
\Gm@wd@mp=\dimen143
\Gm@odd@mp=\dimen144
\Gm@even@mp=\dimen145
\Gm@layoutwidth=\dimen146
\Gm@layoutheight=\dimen147
\Gm@layouthoffset=\dimen148
\Gm@layoutvoffset=\dimen149
\Gm@dimlist=\toks20
) (e:/Program Files/texlive/2019/texmf-dist/tex/latex/float/float.sty
Package: float 2001/11/08 v1.3d Float enhancements (AL)
\c@float@type=\count194
\float@exts=\toks21
\float@box=\box48
\@float@everytoks=\toks22
\@floatcapt=\box49
) (e:/Program Files/texlive/2019/texmf-dist/tex/latex/xcolor/xcolor.sty
Package: xcolor 2016/05/11 v2.12 LaTeX color extensions (UK)
 (e:/Program Files/texlive/2019/texmf-dist/tex/latex/graphics-cfg/color.cfg
File: color.cfg 2016/01/02 v1.6 sample color configuration
)
Package xcolor Info: Driver file: pdftex.def on input line 225.
Package xcolor Info: Model `cmy' substituted by `cmy0' on input line 1348.
Package xcolor Info: Model `hsb' substituted by `rgb' on input line 1352.
Package xcolor Info: Model `RGB' extended on input line 1364.
Package xcolor Info: Model `HTML' substituted by `rgb' on input line 1366.
Package xcolor Info: Model `Hsb' substituted by `hsb' on input line 1367.
Package xcolor Info: Model `tHsb' substituted by `hsb' on input line 1368.
Package xcolor Info: Model `HSB' substituted by `hsb' on input line 1369.
Package xcolor Info: Model `Gray' substituted by `gray' on input line 1370.
Package xcolor Info: Model `wave' substituted by `hsb' on input line 1371.
) (e:/Program Files/texlive/2019/texmf-dist/tex/latex/minted/minted.sty
Package: minted 2017/07/19 v2.5 Yet another Pygments shim for LaTeX
 (e:/Program Files/texlive/2019/texmf-dist/tex/latex/kvoptions/kvoptions.sty
Package: kvoptions 2019/11/29 v3.13 Key value format for package options (HO)
 (e:/Program Files/texlive/2019/texmf-dist/tex/generic/ltxcmds/ltxcmds.sty
Package: ltxcmds 2019/12/15 v1.24 LaTeX kernel commands for general use (HO)
) (e:/Program Files/texlive/2019/texmf-dist/tex/generic/kvsetkeys/kvsetkeys.sty
Package: kvsetkeys 2019/12/15 v1.18 Key value parser (HO)
)) (e:/Program Files/texlive/2019/texmf-dist/tex/latex/fvextra/fvextra.sty
Package: fvextra 2019/02/04 v1.4 fvextra - extensions and patches for fancyvrb
 (e:/Program Files/texlive/2019/texmf-dist/tex/latex/base/ifthen.sty
Package: ifthen 2014/09/29 v1.1c Standard LaTeX ifthen package (DPC)
) (e:/Program Files/texlive/2019/texmf-dist/tex/latex/etoolbox/etoolbox.sty
Package: etoolbox 2019/09/21 v2.5h e-TeX tools for LaTeX (JAW)
\etb@tempcnta=\count195
) (e:/Program Files/texlive/2019/texmf-dist/tex/latex/fancyvrb/fancyvrb.sty
Package: fancyvrb 2020/01/13 v3.5 verbatim text (tvz,hv)
\FV@CodeLineNo=\count196
\FV@InFile=\read2
\FV@TabBox=\box50
\c@FancyVerbLine=\count197
\FV@StepNumber=\count198
\FV@OutFile=\write3
) (e:/Program Files/texlive/2019/texmf-dist/tex/latex/upquote/upquote.sty
Package: upquote 2012/04/19 v1.3 upright-quote and grave-accent glyphs in verbatim
) (e:/Program Files/texlive/2019/texmf-dist/tex/latex/lineno/lineno.sty
Package: lineno 2005/11/02 line numbers on paragraphs v4.41
\linenopenalty=\count199
\output=\toks23
\linenoprevgraf=\count266
\linenumbersep=\dimen150
\linenumberwidth=\dimen151
\c@linenumber=\count267
\c@pagewiselinenumber=\count268
\c@LN@truepage=\count269
\c@internallinenumber=\count270
\c@internallinenumbers=\count271
\quotelinenumbersep=\dimen152
\bframerule=\dimen153
\bframesep=\dimen154
\bframebox=\box51
LaTeX Info: Redefining \\ on input line 3056.
)
\c@FV@TrueTabGroupLevel=\count272
\c@FV@TrueTabCounter=\count273
\FV@TabBox@Group=\box52
\FV@TmpLength=\skip49
\c@FV@HighlightLinesStart=\count274
\c@FV@HighlightLinesStop=\count275
\FV@LoopCount=\count276
\FV@NCharsBox=\box53
\FV@BreakIndent=\dimen155
\FV@BreakIndentNChars=\count277
\FV@BreakSymbolSepLeft=\dimen156
\FV@BreakSymbolSepLeftNChars=\count278
\FV@BreakSymbolSepRight=\dimen157
\FV@BreakSymbolSepRightNChars=\count279
\FV@BreakSymbolIndentLeft=\dimen158
\FV@BreakSymbolIndentLeftNChars=\count280
\FV@BreakSymbolIndentRight=\dimen159
\FV@BreakSymbolIndentRightNChars=\count281
\c@FancyVerbLineBreakLast=\count282
\FV@LineBox=\box54
\FV@LineIndentBox=\box55
\FV@LineWidth=\dimen160
) (e:/Program Files/texlive/2019/texmf-dist/tex/latex/tools/calc.sty
Package: calc 2017/05/25 v4.3 Infix arithmetic (KKT,FJ)
\calc@Acount=\count283
\calc@Bcount=\count284
\calc@Adimen=\dimen161
\calc@Bdimen=\dimen162
\calc@Askip=\skip50
\calc@Bskip=\skip51
LaTeX Info: Redefining \setlength on input line 80.
LaTeX Info: Redefining \addtolength on input line 81.
\calc@Ccount=\count285
\calc@Cskip=\skip52
) (e:/Program Files/texlive/2019/texmf-dist/tex/latex/tools/shellesc.sty
Package: shellesc 2019/11/08 v1.0c unified shell escape interface for LaTeX
Package shellesc Info: Unrestricted shell escape enabled on input line 75.
) (e:/Program Files/texlive/2019/texmf-dist/tex/latex/ifplatform/ifplatform.sty
Package: ifplatform 2017/10/13 v0.4a Testing for the operating system
 (e:/Program Files/texlive/2019/texmf-dist/tex/latex/pdftexcmds/pdftexcmds.sty
Package: pdftexcmds 2019/11/24 v0.31 Utility functions of pdfTeX for LuaTeX (HO)
 (e:/Program Files/texlive/2019/texmf-dist/tex/generic/infwarerr/infwarerr.sty
Package: infwarerr 2019/12/03 v1.5 Providing info/warning/error messages (HO)
)
Package pdftexcmds Info: \pdf@primitive is available.
Package pdftexcmds Info: \pdf@ifprimitive is available.
Package pdftexcmds Info: \pdfdraftmode found.
) (e:/Program Files/texlive/2019/texmf-dist/tex/generic/catchfile/catchfile.sty
Package: catchfile 2019/12/09 v1.8 Catch the contents of a file (HO)
 (e:/Program Files/texlive/2019/texmf-dist/tex/generic/etexcmds/etexcmds.sty
Package: etexcmds 2019/12/15 v1.7 Avoid name clashes with e-TeX commands (HO)
)) (e:/Program Files/texlive/2019/texmf-dist/tex/generic/iftex/ifluatex.sty
Package: ifluatex 2019/10/25 v1.5 ifluatex legacy package. Use iftex instead.
)) (e:/Program Files/texlive/2019/texmf-dist/tex/generic/xstring/xstring.sty (e:/Program Files/texlive/2019/texmf-dist/tex/generic/xstring/xstring.tex
\integerpart=\count286
\decimalpart=\count287
)
Package: xstring 2019/02/06 v1.83 String manipulations (CT)
) (e:/Program Files/texlive/2019/texmf-dist/tex/latex/framed/framed.sty
Package: framed 2011/10/22 v 0.96: framed or shaded text with page breaks
\OuterFrameSep=\skip53
\fb@frw=\dimen163
\fb@frh=\dimen164
\FrameRule=\dimen165
\FrameSep=\dimen166
)
\minted@appexistsfile=\read3
\minted@bgbox=\box56
\minted@code=\write4
\c@minted@FancyVerbLineTemp=\count288
\c@minted@pygmentizecounter=\count289
\@float@every@listing=\toks24
\c@listing=\count290
)
runsystem(if not exist _minted-2019-13674 mkdir _minted-2019-13674)...executed.

 (e:/Program Files/texlive/2019/texmf-dist/tex/latex/hyperref/hyperref.sty
Package: hyperref 2020/01/14 v7.00d Hypertext links for LaTeX
 (e:/Program Files/texlive/2019/texmf-dist/tex/generic/kvdefinekeys/kvdefinekeys.sty
Package: kvdefinekeys 2019-12-19 v1.6 Define keys (HO)
) (e:/Program Files/texlive/2019/texmf-dist/tex/generic/pdfescape/pdfescape.sty
Package: pdfescape 2019/12/09 v1.15 Implements pdfTeX's escape features (HO)
) (e:/Program Files/texlive/2019/texmf-dist/tex/latex/hycolor/hycolor.sty
Package: hycolor 2020-01-27 v1.10 Color options for hyperref/bookmark (HO)
) (e:/Program Files/texlive/2019/texmf-dist/tex/latex/letltxmacro/letltxmacro.sty
Package: letltxmacro 2019/12/03 v1.6 Let assignment for LaTeX macros (HO)
) (e:/Program Files/texlive/2019/texmf-dist/tex/latex/auxhook/auxhook.sty
Package: auxhook 2019-12-17 v1.6 Hooks for auxiliary files (HO)
)
\@linkdim=\dimen167
\Hy@linkcounter=\count291
\Hy@pagecounter=\count292
 (e:/Program Files/texlive/2019/texmf-dist/tex/latex/hyperref/pd1enc.def
File: pd1enc.def 2020/01/14 v7.00d Hyperref: PDFDocEncoding definition (HO)
Now handling font encoding PD1 ...
... no UTF-8 mapping file for font encoding PD1
) (e:/Program Files/texlive/2019/texmf-dist/tex/generic/intcalc/intcalc.sty
Package: intcalc 2019/12/15 v1.3 Expandable calculations with integers (HO)
)
\Hy@SavedSpaceFactor=\count293
\pdfmajorversion=\count294
Package hyperref Info: Hyper figures OFF on input line 4547.
Package hyperref Info: Link nesting OFF on input line 4552.
Package hyperref Info: Hyper index ON on input line 4555.
Package hyperref Info: Plain pages OFF on input line 4562.
Package hyperref Info: Backreferencing OFF on input line 4567.
Package hyperref Info: Implicit mode ON; LaTeX internals redefined.
Package hyperref Info: Bookmarks ON on input line 4800.
\c@Hy@tempcnt=\count295
 (e:/Program Files/texlive/2019/texmf-dist/tex/latex/url/url.sty
\Urlmuskip=\muskip16
Package: url 2013/09/16  ver 3.4  Verb mode for urls, etc.
)
LaTeX Info: Redefining \url on input line 5159.
\XeTeXLinkMargin=\dimen168
 (e:/Program Files/texlive/2019/texmf-dist/tex/generic/bitset/bitset.sty
Package: bitset 2019/12/09 v1.3 Handle bit-vector datatype (HO)
 (e:/Program Files/texlive/2019/texmf-dist/tex/generic/bigintcalc/bigintcalc.sty
Package: bigintcalc 2019/12/15 v1.5 Expandable calculations on big integers (HO)
))
\Fld@menulength=\count296
\Field@Width=\dimen169
\Fld@charsize=\dimen170
Package hyperref Info: Hyper figures OFF on input line 6430.
Package hyperref Info: Link nesting OFF on input line 6435.
Package hyperref Info: Hyper index ON on input line 6438.
Package hyperref Info: backreferencing OFF on input line 6445.
Package hyperref Info: Link coloring OFF on input line 6450.
Package hyperref Info: Link coloring with OCG OFF on input line 6455.
Package hyperref Info: PDF/A mode OFF on input line 6460.
LaTeX Info: Redefining \ref on input line 6500.
LaTeX Info: Redefining \pageref on input line 6504.
 (e:/Program Files/texlive/2019/texmf-dist/tex/generic/atbegshi/atbegshi.sty
Package: atbegshi 2019/12/05 v1.19 At begin shipout hook (HO)
)
\Hy@abspage=\count297
\c@Item=\count298
\c@Hfootnote=\count299
)
Package hyperref Info: Driver (autodetected): hpdftex.
 (e:/Program Files/texlive/2019/texmf-dist/tex/latex/hyperref/hpdftex.def
File: hpdftex.def 2020/01/14 v7.00d Hyperref driver for pdfTeX
 (e:/Program Files/texlive/2019/texmf-dist/tex/latex/atveryend/atveryend.sty
Package: atveryend 2019-12-11 v1.11 Hooks at the very end of document (HO)
)
\Fld@listcount=\count300
\c@bookmark@seq@number=\count301
 (e:/Program Files/texlive/2019/texmf-dist/tex/latex/rerunfilecheck/rerunfilecheck.sty
Package: rerunfilecheck 2019/12/05 v1.9 Rerun checks for auxiliary files (HO)
 (e:/Program Files/texlive/2019/texmf-dist/tex/generic/uniquecounter/uniquecounter.sty
Package: uniquecounter 2019/12/15 v1.4 Provide unlimited unique counter (HO)
)
Package uniquecounter Info: New unique counter `rerunfilecheck' on input line 286.
)
\Hy@SectionHShift=\skip54
)
Package hyperref Info: Option `colorlinks' set `true' on input line 44.
runsystem(for ^%i in (pygmentize.exe pygmentize.bat pygmentize.cmd) do set > 2019-13674.aex <nul: /p x=^%~$PATH:i>> 2019-13674.aex)...executed.

runsystem(del 2019-13674.aex)...executed.

 (e:/Downloads/서울대학교 싸강/시스템프로그래밍/실습/kernellab/report/2019-13674.aux)
\openout1 = `2019-13674.aux'.

LaTeX Font Info:    Checking defaults for OML/cmm/m/it on input line 51.
LaTeX Font Info:    ... okay on input line 51.
LaTeX Font Info:    Checking defaults for OMS/cmsy/m/n on input line 51.
LaTeX Font Info:    ... okay on input line 51.
LaTeX Font Info:    Checking defaults for OT1/cmr/m/n on input line 51.
LaTeX Font Info:    ... okay on input line 51.
LaTeX Font Info:    Checking defaults for T1/cmr/m/n on input line 51.
LaTeX Font Info:    ... okay on input line 51.
LaTeX Font Info:    Checking defaults for TS1/cmr/m/n on input line 51.
LaTeX Font Info:    ... okay on input line 51.
LaTeX Font Info:    Checking defaults for OMX/cmex/m/n on input line 51.
LaTeX Font Info:    ... okay on input line 51.
LaTeX Font Info:    Checking defaults for U/cmr/m/n on input line 51.
LaTeX Font Info:    ... okay on input line 51.
LaTeX Font Info:    Checking defaults for LUC/nanummj/m/n on input line 51.
LaTeX Font Info:    Trying to load font information for LUC+nanummj on input line 51.
 (e:/Program Files/texlive/2019/texmf-dist/tex/latex/nanumtype1/lucnanummj.fd
File: lucnanummj.fd 2013/02/12 v0.1 Nanum Myeongjo font definitions
)
LaTeX Font Info:    ... okay on input line 51.
LaTeX Font Info:    Checking defaults for PD1/pdf/m/n on input line 51.
LaTeX Font Info:    ... okay on input line 51.
 (e:/Program Files/texlive/2019/texmf-dist/tex/context/base/mkii/supp-pdf.mkii
[Loading MPS to PDF converter (version 2006.09.02).]
\scratchcounter=\count302
\scratchdimen=\dimen171
\scratchbox=\box57
\nofMPsegments=\count303
\nofMParguments=\count304
\everyMPshowfont=\toks25
\MPscratchCnt=\count305
\MPscratchDim=\dimen172
\MPnumerator=\count306
\makeMPintoPDFobject=\count307
\everyMPtoPDFconversion=\toks26
) (e:/Program Files/texlive/2019/texmf-dist/tex/latex/epstopdf-pkg/epstopdf-base.sty
Package: epstopdf-base 2020-01-24 v2.11 Base part for package epstopdf
Package epstopdf-base Info: Redefining graphics rule for `.eps' on input line 485.
 (e:/Program Files/texlive/2019/texmf-dist/tex/latex/latexconfig/epstopdf-sys.cfg
File: epstopdf-sys.cfg 2010/07/13 v1.3 Configuration of (r)epstopdf for TeX Live
)) (e:/Program Files/texlive/2019/texmf-dist/tex/latex/base/textcomp.sty
Package: textcomp 2020/02/02 v2.0n Standard LaTeX package
)
\c@lstlisting=\count308

*geometry* driver: auto-detecting
*geometry* detected driver: pdftex
*geometry* verbose mode - [ preamble ] result:
* driver: pdftex
* paper: a4paper
* layout: <same size as paper>
* layoutoffset:(h,v)=(0.0pt,0.0pt)
* modes: 
* h-part:(L,W,R)=(81.94394pt, 433.62pt, 81.94394pt)
* v-part:(T,H,B)=(48.93872pt, 722.7pt, 73.40813pt)
* \paperwidth=597.50787pt
* \paperheight=845.04684pt
* \textwidth=433.62pt
* \textheight=722.7pt
* \oddsidemargin=9.67395pt
* \evensidemargin=9.67395pt
* \topmargin=-60.33127pt
* \headheight=12.0pt
* \headsep=25.0pt
* \topskip=10.0pt
* \footskip=30.0pt
* \marginparwidth=65.0pt
* \marginparsep=11.0pt
* \columnsep=10.0pt
* \skip\footins=9.0pt plus 4.0pt minus 2.0pt
* \hoffset=0.0pt
* \voffset=0.0pt
* \mag=1000
* \@twocolumnfalse
* \@twosidefalse
* \@mparswitchfalse
* \@reversemarginfalse
* (1in=72.27pt=25.4mm, 1cm=28.453pt)

\AtBeginShipoutBox=\box58
Package hyperref Info: Link coloring ON on input line 51.
(e:/Program Files/texlive/2019/texmf-dist/tex/latex/hyperref/nameref.sty
Package: nameref 2019/09/16 v2.46 Cross-referencing by name of section
 (e:/Program Files/texlive/2019/texmf-dist/tex/latex/refcount/refcount.sty
Package: refcount 2019/12/15 v3.6 Data extraction from label references (HO)
) (e:/Program Files/texlive/2019/texmf-dist/tex/generic/gettitlestring/gettitlestring.sty
Package: gettitlestring 2019/12/15 v1.6 Cleanup title references (HO)
)
\c@section@level=\count309
)
LaTeX Info: Redefining \ref on input line 51.
LaTeX Info: Redefining \pageref on input line 51.
LaTeX Info: Redefining \nameref on input line 51.
 (e:/Downloads/서울대학교 싸강/시스템프로그래밍/실습/kernellab/report/2019-13674.out) (e:/Downloads/서울대학교 싸강/시스템프로그래밍/실습/kernellab/report/2019-13674.out)
\@outlinefile=\write5
\openout5 = `2019-13674.out'.

LaTeX Font Info:    External font `cmex10' loaded for size
(Font)              <12> on input line 53.
LaTeX Font Info:    External font `cmex10' loaded for size
(Font)              <8> on input line 53.
LaTeX Font Info:    External font `cmex10' loaded for size
(Font)              <6> on input line 53.
 [1

{e:/Program Files/texlive/2019/texmf-var/fonts/map/pdftex/updmap/pdftex.map}] (e:/Downloads/서울대학교 싸강/시스템프로그래밍/실습/kernellab/report/2019-13674.toc
LaTeX Font Info:    External font `cmex10' loaded for size
(Font)              <7> on input line 1.
LaTeX Font Info:    External font `cmex10' loaded for size
(Font)              <5> on input line 1.
)
\tf@toc=\write6
\openout6 = `2019-13674.toc'.

 (e:/Downloads/서울대학교 싸강/시스템프로그래밍/실습/kernellab/report/_minted-2019-13674/default-pyg-prefix.pygstyle) (e:/Downloads/서울대학교 싸강/시스템프로그래밍/실습/kernellab/report/_minted-2019-13674/default.pygstyle) (e:/Downloads/서울대학교 싸강/시스템프로그래밍/실습/kernellab/report/_minted-2019-13674/F9AC19C05E05A1CBFE78D6701665315D59284B04716713D67595C2CAD7F016AC.pygtex) (e:/Downloads/서울대학교 싸강/시스템프로그래밍/실습/kernellab/report/_minted-2019-13674/F9AC19C05E05A1CBFE78D6701665315D59284B04716713D67595C2CAD7F016AC.pygtex) (e:/Downloads/서울대학교 싸강/시스템프로그래밍/실습/kernellab/report/_minted-2019-13674/F9AC19C05E05A1CBFE78D6701665315D59284B04716713D67595C2CAD7F016AC.pygtex
LaTeX Font Info:    Font shape `OT1/cmtt/bx/n' in size <10> not available
(Font)              Font shape `OT1/cmtt/m/n' tried instead on input line 126.
pdfTeX warning (ext4): destination with the same identifier (name{page.1}) has been already used, duplicate ignored
<to be read again> 
                   \relax 
l.128 	\PYG{c+c1}{//	.read = read\PYGZus{}op,}
                                               [1

]) (e:/Downloads/서울대학교 싸강/시스템프로그래밍/실습/kernellab/report/_minted-2019-13674/F9AC19C05E05A1CBFE78D6701665315D59284B04716713D67595C2CAD7F016AC.pygtex) (e:/Downloads/서울대학교 싸강/시스템프로그래밍/실습/kernellab/report/_minted-2019-13674/F9AC19C05E05A1CBFE78D6701665315D59284B04716713D67595C2CAD7F016AC.pygtex [2]) (e:/Downloads/서울대학교 싸강/시스템프로그래밍/실습/kernellab/report/_minted-2019-13674/F9AC19C05E05A1CBFE78D6701665315D59284B04716713D67595C2CAD7F016AC.pygtex) (e:/Downloads/서울대학교 싸강/시스템프로그래밍/실습/kernellab/report/_minted-2019-13674/F9AC19C05E05A1CBFE78D6701665315D59284B04716713D67595C2CAD7F016AC.pygtex) (e:/Downloads/서울대학교 싸강/시스템프로그래밍/실습/kernellab/report/_minted-2019-13674/F9AC19C05E05A1CBFE78D6701665315D59284B04716713D67595C2CAD7F016AC.pygtex) (e:/Downloads/서울대학교 싸강/시스템프로그래밍/실습/kernellab/report/_minted-2019-13674/F9AC19C05E05A1CBFE78D6701665315D59284B04716713D67595C2CAD7F016AC.pygtex [3]) (e:/Downloads/서울대학교 싸강/시스템프로그래밍/실습/kernellab/report/_minted-2019-13674/F9AC19C05E05A1CBFE78D6701665315D59284B04716713D67595C2CAD7F016AC.pygtex) (e:/Downloads/서울대학교 싸강/시스템프로그래밍/실습/kernellab/report/_minted-2019-13674/F9AC19C05E05A1CBFE78D6701665315D59284B04716713D67595C2CAD7F016AC.pygtex) (e:/Downloads/서울대학교 싸강/시스템프로그래밍/실습/kernellab/report/_minted-2019-13674/F9AC19C05E05A1CBFE78D6701665315D59284B04716713D67595C2CAD7F016AC.pygtex) (e:/Downloads/서울대학교 싸강/시스템프로그래밍/실습/kernellab/report/_minted-2019-13674/F9AC19C05E05A1CBFE78D6701665315D59284B04716713D67595C2CAD7F016AC.pygtex [4]) (e:/Downloads/서울대학교 싸강/시스템프로그래밍/실습/kernellab/report/_minted-2019-13674/F9AC19C05E05A1CBFE78D6701665315D59284B04716713D67595C2CAD7F016AC.pygtex) (e:/Downloads/서울대학교 싸강/시스템프로그래밍/실습/kernellab/report/_minted-2019-13674/40B1ED2954F4750D11FB128EC05813C3FBACE091B3AA57738FE61D3FF307B9F7.pygtex [5]) (e:/Downloads/서울대학교 싸강/시스템프로그래밍/실습/kernellab/report/_minted-2019-13674/40B1ED2954F4750D11FB128EC05813C3FBACE091B3AA57738FE61D3FF307B9F7.pygtex) (e:/Downloads/서울대학교 싸강/시스템프로그래밍/실습/kernellab/report/_minted-2019-13674/40B1ED2954F4750D11FB128EC05813C3FBACE091B3AA57738FE61D3FF307B9F7.pygtex) (e:/Downloads/서울대학교 싸강/시스템프로그래밍/실습/kernellab/report/_minted-2019-13674/40B1ED2954F4750D11FB128EC05813C3FBACE091B3AA57738FE61D3FF307B9F7.pygtex) (e:/Downloads/서울대학교 싸강/시스템프로그래밍/실습/kernellab/report/_minted-2019-13674/40B1ED2954F4750D11FB128EC05813C3FBACE091B3AA57738FE61D3FF307B9F7.pygtex) (e:/Downloads/서울대학교 싸강/시스템프로그래밍/실습/kernellab/report/_minted-2019-13674/40B1ED2954F4750D11FB128EC05813C3FBACE091B3AA57738FE61D3FF307B9F7.pygtex [6]) (e:/Downloads/서울대학교 싸강/시스템프로그래밍/실습/kernellab/report/_minted-2019-13674/40B1ED2954F4750D11FB128EC05813C3FBACE091B3AA57738FE61D3FF307B9F7.pygtex)
Package atveryend Info: Empty hook `BeforeClearDocument' on input line 141.
 [7]
Package atveryend Info: Empty hook `AfterLastShipout' on input line 141.
 (e:/Downloads/서울대학교 싸강/시스템프로그래밍/실습/kernellab/report/2019-13674.aux)
Package atveryend Info: Executing hook `AtVeryEndDocument' on input line 141.
Package atveryend Info: Executing hook `AtEndAfterFileList' on input line 141.
Package rerunfilecheck Info: File `2019-13674.out' has not changed.
(rerunfilecheck)             Checksum: 66740FB25627A28C4103399A8CD8E14C;766.
 ) 
Here is how much of TeX's memory you used:
 11752 strings out of 480994
 210938 string characters out of 5909156
 624514 words of memory out of 5000000
 26921 multiletter control sequences out of 15000+600000
 561554 words of font info for 125 fonts, out of 8000000 for 9000
 1141 hyphenation exceptions out of 8191
 41i,9n,45p,1168b,730s stack positions out of 5000i,500n,10000p,200000b,80000s
<e:/Program Files/texlive/2019/texmf-dist/fonts/type1/public/amsfonts/cm/cmbx12.pfb><e:/Program Files/texlive/2019/texmf-dist/fonts/type1/public/amsfonts/cm/cmitt10.pfb><e:/Program Files/texlive/2019/texmf-dist/fonts/type1/public/amsfonts/cm/cmmi5.pfb><e:/Program Files/texlive/2019/texmf-dist/fonts/type1/public/amsfonts/cm/cmr10.pfb><e:/Program Files/texlive/2019/texmf-dist/fonts/type1/public/amsfonts/cm/cmr12.pfb><e:/Program Files/texlive/2019/texmf-dist/fonts/type1/public/amsfonts/cm/cmr17.pfb><e:/Program Files/texlive/2019/texmf-dist/fonts/type1/public/amsfonts/cm/cmr5.pfb><e:/Program Files/texlive/2019/texmf-dist/fonts/type1/public/amsfonts/cm/cmr6.pfb><e:/Program Files/texlive/2019/texmf-dist/fonts/type1/public/amsfonts/cm/cmr7.pfb><e:/Program Files/texlive/2019/texmf-dist/fonts/type1/public/amsfonts/cm/cmr8.pfb><e:/Program Files/texlive/2019/texmf-dist/fonts/type1/public/amsfonts/cm/cmsy5.pfb><e:/Program Files/texlive/2019/texmf-dist/fonts/type1/public/amsfonts/cm/cmtt10.pfb><e:/Program Files/texlive/2019/texmf-dist/fonts/type1/public/amsfonts/cm/cmtt9.pfb><e:/Program Files/texlive/2019/texmf-dist/fonts/type1/public/nanumtype1/nanummjbad.pfb><e:/Program Files/texlive/2019/texmf-dist/fonts/type1/public/nanumtype1/nanummjbae.pfb><e:/Program Files/texlive/2019/texmf-dist/fonts/type1/public/nanumtype1/nanummjbb1.pfb><e:/Program Files/texlive/2019/texmf-dist/fonts/type1/public/nanumtype1/nanummjbb3.pfb><e:/Program Files/texlive/2019/texmf-dist/fonts/type1/public/nanumtype1/nanummjbb4.pfb><e:/Program Files/texlive/2019/texmf-dist/fonts/type1/public/nanumtype1/nanummjbb7.pfb><e:/Program Files/texlive/2019/texmf-dist/fonts/type1/public/nanumtype1/nanummjbb8.pfb><e:/Program Files/texlive/2019/texmf-dist/fonts/type1/public/nanumtype1/nanummjbb9.pfb><e:/Program Files/texlive/2019/texmf-dist/fonts/type1/public/nanumtype1/nanummjbba.pfb><e:/Program Files/texlive/2019/texmf-dist/fonts/type1/public/nanumtype1/nanummjbbb.pfb><e:/Program Files/texlive/2019/texmf-dist/fonts/type1/public/nanumtype1/nanummjbbd.pfb><e:/Program Files/texlive/2019/texmf-dist/fonts/type1/public/nanumtype1/nanummjbc2.pfb><e:/Program Files/texlive/2019/texmf-dist/fonts/type1/public/nanumtype1/nanummjbc5.pfb><e:/Program Files/texlive/2019/texmf-dist/fonts/type1/public/nanumtype1/nanummjbc6.pfb><e:/Program Files/texlive/2019/texmf-dist/fonts/type1/public/nanumtype1/nanummjbc7.pfb><e:/Program Files/texlive/2019/texmf-dist/fonts/type1/public/nanumtype1/nanummjbc8.pfb><e:/Program Files/texlive/2019/texmf-dist/fonts/type1/public/nanumtype1/nanummjbce.pfb><e:/Program Files/texlive/2019/texmf-dist/fonts/type1/public/nanumtype1/nanummjbd3.pfb><e:/Program Files/texlive/2019/texmf-dist/fonts/type1/public/nanumtype1/nanummjbd5.pfb><e:/Program Files/texlive/2019/texmf-dist/fonts/type1/public/nanumtype1/nanummjbd6.pfb><e:/Program Files/texlive/2019/texmf-dist/fonts/type1/public/nanumtype1/nanummjmac.pfb><e:/Program Files/texlive/2019/texmf-dist/fonts/type1/public/nanumtype1/nanummjmad.pfb><e:/Program Files/texlive/2019/texmf-dist/fonts/type1/public/nanumtype1/nanummjmae.pfb><e:/Program Files/texlive/2019/texmf-dist/fonts/type1/public/nanumtype1/nanummjmb0.pfb><e:/Program Files/texlive/2019/texmf-dist/fonts/type1/public/nanumtype1/nanummjmb1.pfb><e:/Program Files/texlive/2019/texmf-dist/fonts/type1/public/nanumtype1/nanummjmb2.pfb><e:/Program Files/texlive/2019/texmf-dist/fonts/type1/public/nanumtype1/nanummjmb3.pfb><e:/Program Files/texlive/2019/texmf-dist/fonts/type1/public/nanumtype1/nanummjmb4.pfb><e:/Program Files/texlive/2019/texmf-dist/fonts/type1/public/nanumtype1/nanummjmb5.pfb><e:/Program Files/texlive/2019/texmf-dist/fonts/type1/public/nanumtype1/nanummjmb6.pfb><e:/Program Files/texlive/2019/texmf-dist/fonts/type1/public/nanumtype1/nanummjmb7.pfb><e:/Program Files/texlive/2019/texmf-dist/fonts/type1/public/nanumtype1/nanummjmb8.pfb><e:/Program Files/texlive/2019/texmf-dist/fonts/type1/public/nanumtype1/nanummjmb9.pfb><e:/Program Files/texlive/2019/texmf-dist/fonts/type1/public/nanumtype1/nanummjmba.pfb><e:/Program Files/texlive/2019/texmf-dist/fonts/type1/public/nanumtype1/nanummjmbb.pfb><e:/Program Files/texlive/2019/texmf-dist/fonts/type1/public/nanumtype1/nanummjmbc.pfb><e:/Program Files/texlive/2019/texmf-dist/fonts/type1/public/nanumtype1/nanummjmbd.pfb><e:/Program Files/texlive/2019/texmf-dist/fonts/type1/public/nanumtype1/nanummjmbe.pfb><e:/Program Files/texlive/2019/texmf-dist/fonts/type1/public/nanumtype1/nanummjmbf.pfb><e:/Program Files/texlive/2019/texmf-dist/fonts/type1/public/nanumtype1/nanummjmc0.pfb><e:/Program Files/texlive/2019/texmf-dist/fonts/type1/public/nanumtype1/nanummjmc1.pfb><e:/Program Files/texlive/2019/texmf-dist/fonts/type1/public/nanumtype1/nanummjmc2.pfb><e:/Program Files/texlive/2019/texmf-dist/fonts/type1/public/nanumtype1/nanummjmc4.pfb><e:/Program Files/texlive/2019/texmf-dist/fonts/type1/public/nanumtype1/nanummjmc5.pfb><e:/Program Files/texlive/2019/texmf-dist/fonts/type1/public/nanumtype1/nanummjmc6.pfb><e:/Program Files/texlive/2019/texmf-dist/fonts/type1/public/nanumtype1/nanummjmc7.pfb><e:/Program Files/texlive/2019/texmf-dist/fonts/type1/public/nanumtype1/nanummjmc8.pfb><e:/Program Files/texlive/2019/texmf-dist/fonts/type1/public/nanumtype1/nanummjmc9.pfb><e:/Program Files/texlive/2019/texmf-dist/fonts/type1/public/nanumtype1/nanummjmcc.pfb><e:/Program Files/texlive/2019/texmf-dist/fonts/type1/public/nanumtype1/nanummjmcd.pfb><e:/Program Files/texlive/2019/texmf-dist/fonts/type1/public/nanumtype1/nanummjmce.pfb><e:/Program Files/texlive/2019/texmf-dist/fonts/type1/public/nanumtype1/nanummjmcf.pfb><e:/Program Files/texlive/2019/texmf-dist/fonts/type1/public/nanumtype1/nanummjmd0.pfb><e:/Program Files/texlive/2019/texmf-dist/fonts/type1/public/nanumtype1/nanummjmd1.pfb><e:/Program Files/texlive/2019/texmf-dist/fonts/type1/public/nanumtype1/nanummjmd2.pfb><e:/Program Files/texlive/2019/texmf-dist/fonts/type1/public/nanumtype1/nanummjmd3.pfb><e:/Program Files/texlive/2019/texmf-dist/fonts/type1/public/nanumtype1/nanummjmd5.pfb><e:/Program Files/texlive/2019/texmf-dist/fonts/type1/public/nanumtype1/nanummjmd6.pfb><e:/Program Files/texlive/2019/texmf-dist/fonts/type1/public/nanumtype1/nanummjmd7.pfb>
Output written on "e:/Downloads/서울대학교 싸강/시스템프로그래밍/실습/kernellab/report/2019-13674.pdf" (8 pages, 2720038 bytes).
PDF statistics:
 405 PDF objects out of 1000 (max. 8388607)
 319 compressed objects within 4 object streams
 24 named destinations out of 1000 (max. 500000)
 97 words of extra memory for PDF output out of 10000 (max. 10000000)

